Determining if the pthread_create exist failed with the following output:
Change Dir: /home/zk/zk/obstacle_avoidance/clean_avoidance/build/CMakeFiles/CMakeTmp

Run Build Command:"/usr/bin/make" "cmTC_cea87/fast"
/usr/bin/make -f CMakeFiles/cmTC_cea87.dir/build.make CMakeFiles/cmTC_cea87.dir/build
make[1]: 进入目录“/home/zk/zk/obstacle_avoidance/clean_avoidance/build/CMakeFiles/CMakeTmp”
Building C object CMakeFiles/cmTC_cea87.dir/CheckSymbolExists.c.o
/usr/bin/cc    -o CMakeFiles/cmTC_cea87.dir/CheckSymbolExists.c.o   -c /home/zk/zk/obstacle_avoidance/clean_avoidance/build/CMakeFiles/CMakeTmp/CheckSymbolExists.c
Linking C executable cmTC_cea87
/usr/bin/cmake -E cmake_link_script CMakeFiles/cmTC_cea87.dir/link.txt --verbose=1
/usr/bin/cc      -rdynamic CMakeFiles/cmTC_cea87.dir/CheckSymbolExists.c.o  -o cmTC_cea87 
CMakeFiles/cmTC_cea87.dir/CheckSymbolExists.c.o：在函数‘main’中：
CheckSymbolExists.c:(.text+0x1b)：对‘pthread_create’未定义的引用
collect2: error: ld returned 1 exit status
CMakeFiles/cmTC_cea87.dir/build.make:97: recipe for target 'cmTC_cea87' failed
make[1]: *** [cmTC_cea87] Error 1
make[1]: 离开目录“/home/zk/zk/obstacle_avoidance/clean_avoidance/build/CMakeFiles/CMakeTmp”
Makefile:126: recipe for target 'cmTC_cea87/fast' failed
make: *** [cmTC_cea87/fast] Error 2

File /home/zk/zk/obstacle_avoidance/clean_avoidance/build/CMakeFiles/CMakeTmp/CheckSymbolExists.c:
/* */
#include <pthread.h>

int main(int argc, char** argv)
{
  (void)argv;
#ifndef pthread_create
  return ((int*)(&pthread_create))[argc];
#else
  (void)argc;
  return 0;
#endif
}

Determining if the function pthread_create exists in the pthreads failed with the following output:
Change Dir: /home/zk/zk/obstacle_avoidance/clean_avoidance/build/CMakeFiles/CMakeTmp

Run Build Command:"/usr/bin/make" "cmTC_f1f90/fast"
/usr/bin/make -f CMakeFiles/cmTC_f1f90.dir/build.make CMakeFiles/cmTC_f1f90.dir/build
make[1]: 进入目录“/home/zk/zk/obstacle_avoidance/clean_avoidance/build/CMakeFiles/CMakeTmp”
Building C object CMakeFiles/cmTC_f1f90.dir/CheckFunctionExists.c.o
/usr/bin/cc   -DCHECK_FUNCTION_EXISTS=pthread_create   -o CMakeFiles/cmTC_f1f90.dir/CheckFunctionExists.c.o   -c /usr/share/cmake-3.10/Modules/CheckFunctionExists.c
Linking C executable cmTC_f1f90
/usr/bin/cmake -E cmake_link_script CMakeFiles/cmTC_f1f90.dir/link.txt --verbose=1
/usr/bin/cc  -DCHECK_FUNCTION_EXISTS=pthread_create    -rdynamic CMakeFiles/cmTC_f1f90.dir/CheckFunctionExists.c.o  -o cmTC_f1f90 -lpthreads 
/usr/bin/ld: 找不到 -lpthreads
collect2: error: ld returned 1 exit status
CMakeFiles/cmTC_f1f90.dir/build.make:97: recipe for target 'cmTC_f1f90' failed
make[1]: *** [cmTC_f1f90] Error 1
make[1]: 离开目录“/home/zk/zk/obstacle_avoidance/clean_avoidance/build/CMakeFiles/CMakeTmp”
Makefile:126: recipe for target 'cmTC_f1f90/fast' failed
make: *** [cmTC_f1f90/fast] Error 2


Determining if the include file pgm.h exists failed with the following output:
Change Dir: /home/zk/zk/obstacle_avoidance/clean_avoidance/build/CMakeFiles/CMakeTmp

Run Build Command:"/usr/bin/make" "cmTC_37f76/fast"
/usr/bin/make -f CMakeFiles/cmTC_37f76.dir/build.make CMakeFiles/cmTC_37f76.dir/build
make[1]: 进入目录“/home/zk/zk/obstacle_avoidance/clean_avoidance/build/CMakeFiles/CMakeTmp”
Building CXX object CMakeFiles/cmTC_37f76.dir/CheckIncludeFile.cxx.o
/usr/bin/c++     -o CMakeFiles/cmTC_37f76.dir/CheckIncludeFile.cxx.o -c /home/zk/zk/obstacle_avoidance/clean_avoidance/build/CMakeFiles/CMakeTmp/CheckIncludeFile.cxx
/home/zk/zk/obstacle_avoidance/clean_avoidance/build/CMakeFiles/CMakeTmp/CheckIncludeFile.cxx:1:10: fatal error: pgm.h: 没有那个文件或目录
 #include <pgm.h>
          ^~~~~~~
compilation terminated.
CMakeFiles/cmTC_37f76.dir/build.make:65: recipe for target 'CMakeFiles/cmTC_37f76.dir/CheckIncludeFile.cxx.o' failed
make[1]: *** [CMakeFiles/cmTC_37f76.dir/CheckIncludeFile.cxx.o] Error 1
make[1]: 离开目录“/home/zk/zk/obstacle_avoidance/clean_avoidance/build/CMakeFiles/CMakeTmp”
Makefile:126: recipe for target 'cmTC_37f76/fast' failed
make: *** [cmTC_37f76/fast] Error 2


